uiuc.oai.OAISetList@7083ca27
Finished processing
1
http://data.cimmyt.org/dvn/OAIHandler Sets:1
Provided args:6
hdl:TEST/10000 deleted
hdl:TEST/10006 deleted
hdl:TEST/10007 deleted
hdl:TEST/10008 deleted
hdl:11529/10008 deleted
hdl:11529/10051 deleted
hdl:11529/10413 deleted
hdl:11529/10417 deleted
uiuc.oai.OAISetList@7083ca27
Finished processing
1
http://data.cimmyt.org/dvn/OAIHandler Sets:1
Provided args:6
hdl:TEST/10000 deleted
hdl:TEST/10006 deleted
hdl:TEST/10007 deleted
hdl:TEST/10008 deleted
hdl:11529/10008 deleted
hdl:11529/10051 deleted
hdl:11529/10413 deleted
hdl:11529/10417 deleted
hdl:11529/10646 deleted
All:121
Set(1):0
uiuc.oai.OAISetList@2d4bdf68
Finished processing
com_10883_1
com_10883_4042
com_10883_4047
com_10883_4137
com_10883_4346
com_10883_4481
col_10883_2
col_10883_3
col_10883_4
col_10883_5
col_10883_7
col_10883_8
col_10883_4045
col_10883_4048
col_10883_4049
col_10883_4332
col_10883_4334
col_10883_4335
col_10883_4336
col_10883_4337
col_10883_4347
col_10883_4484
col_10883_4501
col_10883_4502
col_10883_4503
col_10883_4579
http://repository.cimmyt.org/oai/request Sets:26
Set(com_10883_1):2
Set(com_10883_4042):0
Set(com_10883_4047):0
Set(com_10883_4137):0
Set(com_10883_4346):0
Set(com_10883_4481):0
Set(col_10883_2):0
Set(col_10883_3):0
Set(col_10883_4):0
Set(col_10883_5):0
Set(col_10883_7):0
Set(col_10883_8):0
Set(col_10883_4045):0
Set(col_10883_4048):0
Set(col_10883_4049):0
Set(col_10883_4332):0
Set(col_10883_4334):0
Set(col_10883_4335):0
Set(col_10883_4336):0
Set(col_10883_4337):0
Set(col_10883_4347):0
Set(col_10883_4484):0
Set(col_10883_4501):0
Set(col_10883_4502):0
Set(col_10883_4503):0
Set(col_10883_4579):0
